C51 COMPILER V9.00   DISPLAY                                                               04/02/2022 17:33:40 PAGE 1   


C51 COMPILER V9.00, COMPILATION OF MODULE DISPLAY
OBJECT MODULE PLACED IN display.OBJ
COMPILER INVOKED BY: D:\Keil\C51\BIN\C51.EXE display.c LARGE BROWSE DEBUG OBJECTEXTEND

line level    source

   1          #include "display.h"
   2          #include "misc.h"
   3          #include <intrins.h>
   4          
   5          static xdata display_t    display;
   6          bit flag_200us=0;
   7          
   8          Byte displayBar[16]={0x00,0x08,0x10,0x3F,0x40,0x02,0x14,0x28,0x41,0x21,0x3E,0x20,0x28,0x24,0x26,0x00};
   9          code Byte displayCode[][16]={
  10              {0x00,0x08,0x10,0x3F,0x40,0x02,0x14,0x28,0x41,0x21,0x3E,0x20,0x28,0x24,0x26,0x00},/*"ƒ„",0*/
  11              {0x00,0x21,0x2D,0x76,0x24,0x3A,0x2A,0x08,0x48,0x49,0x5F,0x68,0x48,0x48,0x00,0x00},/*"∫√",0*/
  12              {0x00,0x04,0x04,0x08,0x10,0x00,0x01,0x01,0x7E,0x00,0x00,0x10,0x10,0x08,0x00,0x00},/*"–°",0*/    
  13              {0x00,0x00,0x53,0x55,0xFD,0x2D,0x2A,0x5A,0x5A,0x2A,0x7C,0x24,0x50,0x50,0x10,0x00},/*"√Œ",0*/
  14              
  15              {0x00,0x10,0x10,0x50,0x5F,0x3E,0x3E,0xDE,0x5E,0x5E,0x3E,0x3F,0x58,0x10,0x10,0x00},/*"“Ù",0*/
  16              {0x00,0x00,0x02,0x32,0x54,0x54,0x51,0x51,0x7F,0x50,0x50,0x54,0x14,0x12,0x00,0x00},/*"¿÷",1*/
  17              {0x00,0x15,0x79,0x5A,0xFE,0x32,0x54,0x59,0x7D,0x62,0x62,0x7C,0x62,0x62,0x3D,0x00},/*"∆µ",2*/
  18              {0x00,0x00,0x10,0x5E,0x02,0x04,0x30,0xCF,0x75,0x4A,0x75,0xCA,0xD7,0x68,0x00,0x00},/*"∆◊",3*/
  19              {0x00,0x00,0x0A,0x06,0x72,0x52,0x5E,0x52,0x52,0x5E,0x52,0x76,0x06,0x0A,0x00,0x00},/*"œ‘",4*/
  20              {0x00,0x02,0x12,0x14,0x58,0x58,0x51,0x51,0x5E,0x50,0x58,0x58,0x54,0x12,0x00,0x00},/*" æ",5*/
  21          };
  22          
  23          static void _display_update(void)
  24          {
  25   1          ROW8=display.displayRow.bRow.Row1;
  26   1          ROW7=display.displayRow.bRow.Row2;
  27   1          ROW6=display.displayRow.bRow.Row3;
  28   1          ROW5=display.displayRow.bRow.Row4;
  29   1          ROW4=display.displayRow.bRow.Row5;
  30   1          ROW3=display.displayRow.bRow.Row6;
  31   1          ROW2=display.displayRow.bRow.Row7;
  32   1          ROW1=display.displayRow.bRow.Row8;
  33   1          
  34   1          COL1=display.displayCol.bCol.Col1;
  35   1          COL2=display.displayCol.bCol.Col2;
  36   1          COL3=display.displayCol.bCol.Col3;
  37   1          COL4=display.displayCol.bCol.Col4;
  38   1          COL5=display.displayCol.bCol.Col5;
  39   1          COL6=display.displayCol.bCol.Col6;
  40   1          COL7=display.displayCol.bCol.Col7;
  41   1          COL8=display.displayCol.bCol.Col8;    
  42   1          COL9=display.displayCol.bCol.Col9;
  43   1          COL10=display.displayCol.bCol.Col10;
  44   1          COL11=display.displayCol.bCol.Col11;
  45   1          COL12=display.displayCol.bCol.Col12;
  46   1          COL13=display.displayCol.bCol.Col13;
  47   1          COL14=display.displayCol.bCol.Col14;
  48   1          COL15=display.displayCol.bCol.Col15;
  49   1          COL16=display.displayCol.bCol.Col16;
  50   1      }
  51          
  52          void Delay10ms()                //@24.000MHz
  53          {
  54   1              unsigned char i, j, k;
  55   1      
C51 COMPILER V9.00   DISPLAY                                                               04/02/2022 17:33:40 PAGE 2   

  56   1              _nop_();
  57   1              _nop_();
  58   1              i = 1;
  59   1              j = 234;
  60   1              k = 113;
  61   1              do
  62   1              {
  63   2                      do
  64   2                      {
  65   3                              while (--k);
  66   3                      } while (--j);
  67   2              } while (--i);
  68   1      }
  69          
  70          void display_scan(void)
  71          {
  72   1          Byte    i=0,j=0;
  73   1          Byte    temp=0x00;        
  74   1          
  75   1          for(i=0;i<8;i++)
  76   1          {
  77   2              display.displayRow.rowAll=0x01<<i;
  78   2              for(j=0;j<16;j++)
  79   2              {
  80   3                  display.displayCol.colAll=0x01<<j;
  81   3                  _display_update();
  82   3                  Delay10ms();
  83   3              }
  84   2          }
  85   1      }
  86          
  87          void display_reset(void)
  88          {
  89   1              display.displayCol.colAll=0;
  90   1              display.displayRow.rowAll=0;
  91   1              _display_update();
  92   1      }
  93          
  94          void timer1Init(void)
  95          {
  96   1      #ifdef MODE1T
  97   1          AUXR |= 0x40;                    //timer1 work in 1T mode
  98   1      #endif
  99   1          TMOD |= 0x10;                    //set timer1 as mode1 (16-bit)
 100   1          TL1 = T100US;                     //initial timer1 low byte
 101   1          TH1 = T100US >> 8;                //initial timer1 high byte
 102   1          TR1 = 1;                        //timer1 start running
 103   1          ET1 = 1;                        //enable timer1 interrupt
 104   1          //EA = 1;                         //open global interrupt switch
 105   1      }
 106          
 107          static Byte rowIndex;
 108          static Byte colIndex;
 109          
 110          void display_bar(void)
 111          {
 112   1          //Byte    i=0,j=0;
 113   1      
 114   1          display_reset();
 115   1          
 116   1          if(displayBar[colIndex]>8)
 117   1              displayBar[colIndex]=8;
C51 COMPILER V9.00   DISPLAY                                                               04/02/2022 17:33:40 PAGE 3   

 118   1          
 119   1          if(displayBar[colIndex]>0)
 120   1          {
 121   2              display.displayCol.colAll=0x01<<colIndex;
 122   2              display.displayRow.rowAll=0xFF>>(8-displayBar[colIndex]);
 123   2              
 124   2          }
 125   1          else
 126   1              display.displayCol.colAll=0;
 127   1          
 128   1          _display_update();
 129   1          
 130   1          colIndex++;
 131   1          if(colIndex>=16)
 132   1              colIndex=0;
 133   1          
 134   1      }
 135          
 136          void display_code(Byte x)
 137          {
 138   1          display_reset();
 139   1          display.displayCol.colAll=0x01<<colIndex;
 140   1          display.displayRow.rowAll=displayCode[x][colIndex];
 141   1          
 142   1          _display_update();
 143   1          colIndex++;
 144   1          if(colIndex>=16)
 145   1              colIndex=0;
 146   1      }
 147          
 148          void func2(void)
 149          {
 150   1          if(systemMode==0)
 151   1              return;
 152   1          codeIndex++;
 153   1          if(codeIndex>=10)
 154   1              codeIndex=0;
 155   1          
 156   1      }
 157          
 158          void display_init(void)
 159          {
 160   1          timer1Init();
 161   1      }
 162          
 163          void tm1_isr() interrupt 3
 164          {
 165   1          TL1 = T100US;                     //reload timer1 low byte
 166   1          TH1 = T100US >> 8;                //reload timer1 high byte
 167   1          //display_code(0);
 168   1          if(systemMode==0)
 169   1              display_bar();
 170   1          else
 171   1              display_code(codeIndex);
 172   1          flag_200us=1;
 173   1      }


MODULE INFORMATION:   STATIC OVERLAYABLE
   CODE SIZE        =    684    ----
   CONSTANT SIZE    =    160    ----
   XDATA SIZE       =     21       1
C51 COMPILER V9.00   DISPLAY                                                               04/02/2022 17:33:40 PAGE 4   

   PDATA SIZE       =   ----    ----
   DATA SIZE        =   ----    ----
   IDATA SIZE       =   ----    ----
   BIT SIZE         =      1    ----
END OF MODULE INFORMATION.


C51 COMPILATION COMPLETE.  0 WARNING(S),  0 ERROR(S)
