C51 COMPILER V9.00   DISPALY                                                               03/26/2022 21:34:43 PAGE 1   


C51 COMPILER V9.00, COMPILATION OF MODULE DISPALY
OBJECT MODULE PLACED IN dispaly.OBJ
COMPILER INVOKED BY: D:\Keil\C51\BIN\C51.EXE dispaly.c BROWSE DEBUG OBJECTEXTEND

line level    source

   1          
   2          #include "display.h"
*** WARNING C318 IN LINE 2 OF dispaly.c: can't open file 'display.h'
   3          
   4          
   5          
   6          
   7          
   8          
   9          static display_t    display;
*** ERROR C129 IN LINE 9 OF DISPALY.C: missing ';' before 'display'
  10          
  11          static void _DisplayUpdate(void)
  12          {
  13              ROW1=display.displayRow.bRow.Row1;
  14              ROW2=display.displayRow.bRow.Row2;
  15              ROW3=display.displayRow.bRow.Row3;
  16              ROW4=display.displayRow.bRow.Row4;
  17              ROW5=display.displayRow.bRow.Row5;
  18              ROW6=display.displayRow.bRow.Row6;
  19              ROW7=display.displayRow.bRow.Row7;
  20              ROW8=display.displayRow.bRow.Row8;
  21              
  22              COL1=display.displayCol.bCol.Col1;
  23              COL2=display.displayCol.bCol.Col2;
  24              COL3=display.displayCol.bCol.Col3;
  25              COL4=display.displayCol.bCol.Col4;
  26              COL5=display.displayCol.bCol.Col5;
  27              COL6=display.displayCol.bCol.Col6;
  28              COL7=display.displayCol.bCol.Col7;
  29              COL8=display.displayCol.bCol.Col8;    
  30              COL9=display.displayCol.bCol.Col9;
  31              COL10=display.displayCol.bCol.Col10;
  32              COL11=display.displayCol.bCol.Col11;
  33              COL12=display.displayCol.bCol.Col12;
  34              COL13=display.displayCol.bCol.Col13;
  35              COL14=display.displayCol.bCol.Col14;
  36              COL15=display.displayCol.bCol.Col15;
  37              COL16=display.displayCol.bCol.Col16;
  38          }
  39          
  40          void DisplayScan(void)
  41          {
  42              Byte    i=0,j=0;
  43              Byte    temp=0x00;
  44              
  45              for(i=0;i<8;i++)
  46              {
  47                  display.displayRow.rowAll=0x01<<i;
  48                  for(j=0;j<16;j++)
  49                  {
  50                      display.displayCol.colAll=0x01<<j;
  51                      _DisplayUpdate();
  52                  }
  53              }
C51 COMPILER V9.00   DISPALY                                                               03/26/2022 21:34:43 PAGE 2   

  54          }
  55          
  56          
  57          

C51 COMPILATION COMPLETE.  1 WARNING(S),  1 ERROR(S)
