C51 COMPILER V9.00   MAIN                                                                  04/02/2022 17:33:39 PAGE 1   


C51 COMPILER V9.00, COMPILATION OF MODULE MAIN
OBJECT MODULE PLACED IN main.OBJ
COMPILER INVOKED BY: D:\Keil\C51\BIN\C51.EXE main.c LARGE BROWSE DEBUG OBJECTEXTEND

line level    source

   1          #include "display.h"
   2          #include "system.h"
   3          #include "misc.h"
   4          #include "fft.h"
   5          
   6          
   7          void main()
   8          {    
   9   1          display_scan();
  10   1              display_reset();
  11   1              
  12   1          InitADC();
  13   1          display_init();
  14   1          SCH_Task_Init();
  15   1              
  16   1          SCH_Task_Add(led_run,0,500);
  17   1          SCH_Task_Add(key_run,0,5);
  18   1          SCH_Task_Add(func2,0,1000);
  19   1          SCH_Task_Start();
  20   1          
  21   1          while(1)
  22   1          {
  23   2              SCH_Task_Dispatch();
  24   2              fftFSM();
  25   2              //display_bar();
  26   2              //Delay100us();
  27   2          }
  28   1          
  29   1      }
  30          
  31          
  32          
  33          


MODULE INFORMATION:   STATIC OVERLAYABLE
   CODE SIZE        =     68    ----
   CONSTANT SIZE    =   ----    ----
   XDATA SIZE       =   ----    ----
   PDATA SIZE       =   ----    ----
   DATA SIZE        =   ----    ----
   IDATA SIZE       =   ----    ----
   BIT SIZE         =   ----    ----
END OF MODULE INFORMATION.


C51 COMPILATION COMPLETE.  0 WARNING(S),  0 ERROR(S)
